# JRE version: OpenJDK Runtime Environment (11.0.12) (build 11.0.12+0-b1504.28-7817840)
# Java VM: OpenJDK 64-Bit Server VM (11.0.12+0-b1504.28-7817840, mixed mode, tiered, compressed oops, g1 gc, bsd-amd64)
Heap:
 garbage-first heap   total 262144K, used 175104K [0x00000007e0000000, 0x0000000800000000)
  region size 1024K, 96 young (98304K), 6 survivors (6144K)
 Metaspace       used 78950K, capacity 82340K, committed 82652K, reserved 325632K
  class space    used 10303K, capacity 11525K, committed 11648K, reserved 253952K
GC Heap History (20 events):
Event: 1.849 GC heap before
{Heap before GC invocations=2 (full 0):
 garbage-first heap   total 262144K, used 38934K [0x00000007e0000000, 0x0000000800000000)
  region size 1024K, 31 young (31744K), 2 survivors (2048K)
 Metaspace       used 11134K, capacity 11335K, committed 11520K, reserved 264192K
  class space    used 1164K, capacity 1246K, committed 1280K, reserved 253952K
}
Event: 1.854 GC heap after
{Heap after GC invocations=3 (full 0):
 garbage-first heap   total 262144K, used 13464K [0x00000007e0000000, 0x0000000800000000)
  region size 1024K, 4 young (4096K), 4 survivors (4096K)
 Metaspace       used 11134K, capacity 11335K, committed 11520K, reserved 264192K
  class space    used 1164K, capacity 1246K, committed 1280K, reserved 253952K
}
Event: 2.913 GC heap before
{Heap before GC invocations=3 (full 0):
 garbage-first heap   total 262144K, used 55448K [0x00000007e0000000, 0x0000000800000000)
  region size 1024K, 45 young (46080K), 4 survivors (4096K)
 Metaspace       used 18464K, capacity 18833K, committed 19072K, reserved 272384K
  class space    used 2220K, capacity 2343K, committed 2432K, reserved 253952K
}
Event: 2.921 GC heap after
{Heap after GC invocations=4 (full 0):
 garbage-first heap   total 262144K, used 16607K [0x00000007e0000000, 0x0000000800000000)
  region size 1024K, 6 young (6144K), 6 survivors (6144K)
 Metaspace       used 18464K, capacity 18833K, committed 19072K, reserved 272384K
  class space    used 2220K, capacity 2343K, committed 2432K, reserved 253952K
}
Event: 3.205 GC heap before
{Heap before GC invocations=4 (full 0):
 garbage-first heap   total 262144K, used 34015K [0x00000007e0000000, 0x0000000800000000)
  region size 1024K, 24 young (24576K), 6 survivors (6144K)
 Metaspace       used 20582K, capacity 21020K, committed 21248K, reserved 272384K
  class space    used 2521K, capacity 2692K, committed 2816K, reserved 253952K
}
Event: 3.212 GC heap after
{Heap after GC invocations=5 (full 0):
 garbage-first heap   total 262144K, used 17006K [0x00000007e0000000, 0x0000000800000000)
  region size 1024K, 4 young (4096K), 4 survivors (4096K)
 Metaspace       used 20582K, capacity 21020K, committed 21248K, reserved 272384K
  class space    used 2521K, capacity 2692K, committed 2816K, reserved 253952K
}
Event: 4.184 GC heap before
{Heap before GC invocations=6 (full 0):
 garbage-first heap   total 262144K, used 76398K [0x00000007e0000000, 0x0000000800000000)
  region size 1024K, 62 young (63488K), 4 survivors (4096K)
 Metaspace       used 26259K, capacity 26802K, committed 27008K, reserved 278528K
  class space    used 3447K, capacity 3644K, committed 3712K, reserved 253952K
}
Event: 4.198 GC heap after
{Heap after GC invocations=7 (full 0):
 garbage-first heap   total 262144K, used 19089K [0x00000007e0000000, 0x0000000800000000)
  region size 1024K, 6 young (6144K), 6 survivors (6144K)
 Metaspace       used 26259K, capacity 26802K, committed 27008K, reserved 278528K
  class space    used 3447K, capacity 3644K, committed 3712K, reserved 253952K
}
Event: 5.430 GC heap before
{Heap before GC invocations=7 (full 0):
 garbage-first heap   total 262144K, used 74385K [0x00000007e0000000, 0x0000000800000000)
  region size 1024K, 61 young (62464K), 6 survivors (6144K)
 Metaspace       used 34953K, capacity 35712K, committed 35840K, reserved 286720K
  class space    used 4563K, capacity 4852K, committed 4864K, reserved 253952K
}
Event: 5.444 GC heap after
{Heap after GC invocations=8 (full 0):
 garbage-first heap   total 262144K, used 22663K [0x00000007e0000000, 0x0000000800000000)
  region size 1024K, 9 young (9216K), 9 survivors (9216K)
 Metaspace       used 34953K, capacity 35712K, committed 35840K, reserved 286720K
  class space    used 4563K, capacity 4852K, committed 4864K, reserved 253952K
}
Event: 14.137 GC heap before
{Heap before GC invocations=9 (full 0):
 garbage-first heap   total 262144K, used 158855K [0x00000007e0000000, 0x0000000800000000)
  region size 1024K, 139 young (142336K), 9 survivors (9216K)
 Metaspace       used 44863K, capacity 46046K, committed 46412K, reserved 294912K
  class space    used 5746K, capacity 6175K, committed 6272K, reserved 253952K
}
Event: 14.168 GC heap after
{Heap after GC invocations=10 (full 0):
 garbage-first heap   total 262144K, used 31752K [0x00000007e0000000, 0x0000000800000000)
  region size 1024K, 18 young (18432K), 18 survivors (18432K)
 Metaspace       used 44863K, capacity 46046K, committed 46412K, reserved 294912K
  class space    used 5746K, capacity 6175K, committed 6272K, reserved 253952K
}
Event: 16.748 GC heap before
{Heap before GC invocations=11 (full 0):
 garbage-first heap   total 262144K, used 172040K [0x00000007e0000000, 0x0000000800000000)
  region size 1024K, 153 young (156672K), 18 survivors (18432K)
 Metaspace       used 56647K, capacity 58300K, committed 58572K, reserved 305152K
  class space    used 7188K, capacity 7828K, committed 7936K, reserved 253952K
}
Event: 16.788 GC heap after
{Heap after GC invocations=12 (full 0):
 garbage-first heap   total 262144K, used 43959K [0x00000007e0000000, 0x0000000800000000)
  region size 1024K, 19 young (19456K), 19 survivors (19456K)
 Metaspace       used 56647K, capacity 58300K, committed 58572K, reserved 305152K
  class space    used 7188K, capacity 7828K, committed 7936K, reserved 253952K
}
Event: 25.016 GC heap before
{Heap before GC invocations=12 (full 0):
 garbage-first heap   total 262144K, used 181175K [0x00000007e0000000, 0x0000000800000000)
  region size 1024K, 153 young (156672K), 19 survivors (19456K)
 Metaspace       used 65804K, capacity 67652K, committed 67916K, reserved 313344K
  class space    used 8383K, capacity 9052K, committed 9088K, reserved 253952K
}
Event: 25.052 GC heap after
{Heap after GC invocations=13 (full 0):
 garbage-first heap   total 262144K, used 54864K [0x00000007e0000000, 0x0000000800000000)
  region size 1024K, 20 young (20480K), 20 survivors (20480K)
 Metaspace       used 65804K, capacity 67652K, committed 67916K, reserved 313344K
  class space    used 8383K, capacity 9052K, committed 9088K, reserved 253952K
}
Event: 28.074 GC heap before
{Heap before GC invocations=13 (full 0):
 garbage-first heap   total 262144K, used 191056K [0x00000007e0000000, 0x0000000800000000)
  region size 1024K, 153 young (156672K), 20 survivors (20480K)
 Metaspace       used 73328K, capacity 76156K, committed 76364K, reserved 321536K
  class space    used 9607K, capacity 10563K, committed 10624K, reserved 253952K
}
Event: 28.143 GC heap after
{Heap after GC invocations=14 (full 0):
 garbage-first heap   total 262144K, used 71973K [0x00000007e0000000, 0x0000000800000000)
  region size 1024K, 17 young (17408K), 17 survivors (17408K)
 Metaspace       used 73328K, capacity 76156K, committed 76364K, reserved 321536K
  class space    used 9607K, capacity 10563K, committed 10624K, reserved 253952K
}
Event: 28.666 GC heap before
{Heap before GC invocations=14 (full 0):
 garbage-first heap   total 262144K, used 99621K [0x00000007e0000000, 0x0000000800000000)
  region size 1024K, 42 young (43008K), 17 survivors (17408K)
 Metaspace       used 74232K, capacity 77194K, committed 77260K, reserved 321536K
  class space    used 9692K, capacity 10730K, committed 10752K, reserved 253952K
}
Event: 28.703 GC heap after
{Heap after GC invocations=15 (full 0):
 garbage-first heap   total 262144K, used 81920K [0x00000007e0000000, 0x0000000800000000)
  region size 1024K, 6 young (6144K), 6 survivors (6144K)
 Metaspace       used 74232K, capacity 77194K, committed 77260K, reserved 321536K
  class space    used 9692K, capacity 10730K, committed 10752K, reserved 253952K
}

